::1 - - [12/Dec/2025:15:23:07 +0000] "POST /api/auth/login HTTP/1.1" 200 276 "http://localhost:5173/" "Mozilla/5.0 (Macintosh; Intel Mac OS X 10_15_7) AppleWebKit/605.1.15 (KHTML, like Gecko) Version/26.1 Safari/605.1.15"
::1 - - [12/Dec/2025:15:23:13 +0000] "GET /api/ventas/facturas HTTP/1.1" 200 2 "http://localhost:5173/" "Mozilla/5.0 (Macintosh; Intel Mac OS X 10_15_7) AppleWebKit/605.1.15 (KHTML, like Gecko) Version/26.1 Safari/605.1.15"
::1 - - [12/Dec/2025:15:23:14 +0000] "GET /api/productos HTTP/1.1" 200 2 "http://localhost:5173/" "Mozilla/5.0 (Macintosh; Intel Mac OS X 10_15_7) AppleWebKit/605.1.15 (KHTML, like Gecko) Version/26.1 Safari/605.1.15"
::1 - - [12/Dec/2025:15:23:14 +0000] "GET /api/catalogos/marcas HTTP/1.1" 200 2 "http://localhost:5173/" "Mozilla/5.0 (Macintosh; Intel Mac OS X 10_15_7) AppleWebKit/605.1.15 (KHTML, like Gecko) Version/26.1 Safari/605.1.15"
::1 - - [12/Dec/2025:15:23:14 +0000] "GET /api/catalogos/categorias HTTP/1.1" 200 70 "http://localhost:5173/" "Mozilla/5.0 (Macintosh; Intel Mac OS X 10_15_7) AppleWebKit/605.1.15 (KHTML, like Gecko) Version/26.1 Safari/605.1.15"
::1 - - [12/Dec/2025:15:23:14 +0000] "GET /api/catalogos/unidades HTTP/1.1" 200 2 "http://localhost:5173/" "Mozilla/5.0 (Macintosh; Intel Mac OS X 10_15_7) AppleWebKit/605.1.15 (KHTML, like Gecko) Version/26.1 Safari/605.1.15"
::1 - - [12/Dec/2025:15:23:17 +0000] "GET /api/usuarios?includeInactive=false HTTP/1.1" 200 316 "http://localhost:5173/" "Mozilla/5.0 (Macintosh; Intel Mac OS X 10_15_7) AppleWebKit/605.1.15 (KHTML, like Gecko) Version/26.1 Safari/605.1.15"
::1 - - [12/Dec/2025:15:23:19 +0000] "GET /api/productos HTTP/1.1" 304 - "http://localhost:5173/" "Mozilla/5.0 (Macintosh; Intel Mac OS X 10_15_7) AppleWebKit/605.1.15 (KHTML, like Gecko) Version/26.1 Safari/605.1.15"
::1 - - [12/Dec/2025:15:23:19 +0000] "GET /api/catalogos/marcas HTTP/1.1" 304 - "http://localhost:5173/" "Mozilla/5.0 (Macintosh; Intel Mac OS X 10_15_7) AppleWebKit/605.1.15 (KHTML, like Gecko) Version/26.1 Safari/605.1.15"
::1 - - [12/Dec/2025:15:23:19 +0000] "GET /api/catalogos/categorias HTTP/1.1" 304 - "http://localhost:5173/" "Mozilla/5.0 (Macintosh; Intel Mac OS X 10_15_7) AppleWebKit/605.1.15 (KHTML, like Gecko) Version/26.1 Safari/605.1.15"
::1 - - [12/Dec/2025:15:23:19 +0000] "GET /api/catalogos/unidades HTTP/1.1" 304 - "http://localhost:5173/" "Mozilla/5.0 (Macintosh; Intel Mac OS X 10_15_7) AppleWebKit/605.1.15 (KHTML, like Gecko) Version/26.1 Safari/605.1.15"
::1 - - [12/Dec/2025:15:23:19 +0000] "GET /api/productos HTTP/1.1" 200 2 "http://localhost:5173/" "Mozilla/5.0 (Macintosh; Intel Mac OS X 10_15_7) AppleWebKit/605.1.15 (KHTML, like Gecko) Version/26.1 Safari/605.1.15"
::1 - - [12/Dec/2025:15:23:19 +0000] "GET /api/catalogos/unidades HTTP/1.1" 200 2 "http://localhost:5173/" "Mozilla/5.0 (Macintosh; Intel Mac OS X 10_15_7) AppleWebKit/605.1.15 (KHTML, like Gecko) Version/26.1 Safari/605.1.15"
::1 - - [12/Dec/2025:15:23:19 +0000] "GET /api/catalogos/categorias HTTP/1.1" 200 70 "http://localhost:5173/" "Mozilla/5.0 (Macintosh; Intel Mac OS X 10_15_7) AppleWebKit/605.1.15 (KHTML, like Gecko) Version/26.1 Safari/605.1.15"
::1 - - [12/Dec/2025:15:23:19 +0000] "GET /api/catalogos/marcas HTTP/1.1" 200 2 "http://localhost:5173/" "Mozilla/5.0 (Macintosh; Intel Mac OS X 10_15_7) AppleWebKit/605.1.15 (KHTML, like Gecko) Version/26.1 Safari/605.1.15"
::1 - - [12/Dec/2025:15:23:35 +0000] "GET /api/ventas/facturas HTTP/1.1" 304 - "http://localhost:5173/" "Mozilla/5.0 (Macintosh; Intel Mac OS X 10_15_7) AppleWebKit/605.1.15 (KHTML, like Gecko) Version/26.1 Safari/605.1.15"
::1 - - [12/Dec/2025:15:23:35 +0000] "GET /api/ventas/facturas HTTP/1.1" 200 2 "http://localhost:5173/" "Mozilla/5.0 (Macintosh; Intel Mac OS X 10_15_7) AppleWebKit/605.1.15 (KHTML, like Gecko) Version/26.1 Safari/605.1.15"
::1 - - [12/Dec/2025:15:23:36 +0000] "GET /api/productos HTTP/1.1" 304 - "http://localhost:5173/" "Mozilla/5.0 (Macintosh; Intel Mac OS X 10_15_7) AppleWebKit/605.1.15 (KHTML, like Gecko) Version/26.1 Safari/605.1.15"
::1 - - [12/Dec/2025:15:23:36 +0000] "GET /api/catalogos/marcas HTTP/1.1" 304 - "http://localhost:5173/" "Mozilla/5.0 (Macintosh; Intel Mac OS X 10_15_7) AppleWebKit/605.1.15 (KHTML, like Gecko) Version/26.1 Safari/605.1.15"
::1 - - [12/Dec/2025:15:23:36 +0000] "GET /api/catalogos/categorias HTTP/1.1" 200 70 "http://localhost:5173/" "Mozilla/5.0 (Macintosh; Intel Mac OS X 10_15_7) AppleWebKit/605.1.15 (KHTML, like Gecko) Version/26.1 Safari/605.1.15"
::1 - - [12/Dec/2025:15:23:36 +0000] "GET /api/catalogos/unidades HTTP/1.1" 200 2 "http://localhost:5173/" "Mozilla/5.0 (Macintosh; Intel Mac OS X 10_15_7) AppleWebKit/605.1.15 (KHTML, like Gecko) Version/26.1 Safari/605.1.15"
::1 - - [12/Dec/2025:15:23:36 +0000] "GET /api/productos HTTP/1.1" 200 2 "http://localhost:5173/" "Mozilla/5.0 (Macintosh; Intel Mac OS X 10_15_7) AppleWebKit/605.1.15 (KHTML, like Gecko) Version/26.1 Safari/605.1.15"
::1 - - [12/Dec/2025:15:23:36 +0000] "GET /api/catalogos/marcas HTTP/1.1" 200 2 "http://localhost:5173/" "Mozilla/5.0 (Macintosh; Intel Mac OS X 10_15_7) AppleWebKit/605.1.15 (KHTML, like Gecko) Version/26.1 Safari/605.1.15"
::1 - - [12/Dec/2025:15:23:36 +0000] "GET /api/catalogos/unidades HTTP/1.1" 304 - "http://localhost:5173/" "Mozilla/5.0 (Macintosh; Intel Mac OS X 10_15_7) AppleWebKit/605.1.15 (KHTML, like Gecko) Version/26.1 Safari/605.1.15"
::1 - - [12/Dec/2025:15:23:36 +0000] "GET /api/catalogos/categorias HTTP/1.1" 304 - "http://localhost:5173/" "Mozilla/5.0 (Macintosh; Intel Mac OS X 10_15_7) AppleWebKit/605.1.15 (KHTML, like Gecko) Version/26.1 Safari/605.1.15"
::1 - - [12/Dec/2025:15:23:38 +0000] "GET /api/ventas/facturas HTTP/1.1" 304 - "http://localhost:5173/" "Mozilla/5.0 (Macintosh; Intel Mac OS X 10_15_7) AppleWebKit/605.1.15 (KHTML, like Gecko) Version/26.1 Safari/605.1.15"
::1 - - [12/Dec/2025:15:23:38 +0000] "GET /api/ventas/facturas HTTP/1.1" 200 2 "http://localhost:5173/" "Mozilla/5.0 (Macintosh; Intel Mac OS X 10_15_7) AppleWebKit/605.1.15 (KHTML, like Gecko) Version/26.1 Safari/605.1.15"
::1 - - [12/Dec/2025:15:29:33 +0000] "GET /api/productos HTTP/1.1" 304 - "http://localhost:5173/" "Mozilla/5.0 (Macintosh; Intel Mac OS X 10_15_7) AppleWebKit/605.1.15 (KHTML, like Gecko) Version/26.1 Safari/605.1.15"
::1 - - [12/Dec/2025:16:03:59 +0000] "GET /api/dashboard/stats HTTP/1.1" 200 69 "http://localhost:5173/" "Mozilla/5.0 (Macintosh; Intel Mac OS X 10_15_7) AppleWebKit/605.1.15 (KHTML, like Gecko) Version/26.1 Safari/605.1.15"
::1 - - [12/Dec/2025:16:36:07 +0000] "GET /api/productos HTTP/1.1" 200 2 "http://localhost:5173/" "Mozilla/5.0 (Macintosh; Intel Mac OS X 10_15_7) AppleWebKit/605.1.15 (KHTML, like Gecko) Version/26.1 Safari/605.1.15"
::1 - - [12/Dec/2025:16:36:08 +0000] "GET /api/dashboard/stats HTTP/1.1" 200 69 "http://localhost:5173/" "Mozilla/5.0 (Macintosh; Intel Mac OS X 10_15_7) AppleWebKit/605.1.15 (KHTML, like Gecko) Version/26.1 Safari/605.1.15"
