::1 - - [06/Dec/2025:19:48:41 +0000] "POST /api/auth/login HTTP/1.1" 200 241 "http://localhost:5173/" "Mozilla/5.0 (Macintosh; Intel Mac OS X 10_15_7) AppleWebKit/605.1.15 (KHTML, like Gecko) Version/26.1 Safari/605.1.15"
::1 - - [06/Dec/2025:19:53:48 +0000] "POST /api/auth/login HTTP/1.1" 401 31 "http://localhost:5173/" "Mozilla/5.0 (Macintosh; Intel Mac OS X 10_15_7) AppleWebKit/605.1.15 (KHTML, like Gecko) Version/26.1 Safari/605.1.15"
::1 - - [06/Dec/2025:19:54:11 +0000] "POST /api/auth/login HTTP/1.1" 401 31 "http://localhost:5173/" "Mozilla/5.0 (Macintosh; Intel Mac OS X 10_15_7) AppleWebKit/605.1.15 (KHTML, like Gecko) Version/26.1 Safari/605.1.15"
::1 - - [06/Dec/2025:20:30:54 +0000] "POST /api/auth/login HTTP/1.1" 401 31 "http://localhost:5173/" "Mozilla/5.0 (Macintosh; Intel Mac OS X 10_15_7) AppleWebKit/605.1.15 (KHTML, like Gecko) Version/26.1 Safari/605.1.15"
::1 - - [06/Dec/2025:20:32:06 +0000] "POST /api/auth/login HTTP/1.1" 200 263 "http://localhost:5173/" "Mozilla/5.0 (Macintosh; Intel Mac OS X 10_15_7) AppleWebKit/605.1.15 (KHTML, like Gecko) Version/26.1 Safari/605.1.15"
::1 - - [06/Dec/2025:20:35:05 +0000] "POST /api/auth/login HTTP/1.1" 200 281 "http://localhost:5173/" "Mozilla/5.0 (Macintosh; Intel Mac OS X 10_15_7) AppleWebKit/605.1.15 (KHTML, like Gecko) Version/26.1 Safari/605.1.15"
::1 - - [06/Dec/2025:20:46:31 +0000] "GET /api/usuarios HTTP/1.1" 200 488 "http://localhost:5173/" "Mozilla/5.0 (Macintosh; Intel Mac OS X 10_15_7) AppleWebKit/605.1.15 (KHTML, like Gecko) Version/26.1 Safari/605.1.15"
::1 - - [06/Dec/2025:22:12:43 +0000] "POST /api/auth/login HTTP/1.1" 200 281 "http://localhost:5173/" "Mozilla/5.0 (Macintosh; Intel Mac OS X 10_15_7) AppleWebKit/605.1.15 (KHTML, like Gecko) Version/26.1 Safari/605.1.15"
::1 - - [06/Dec/2025:22:12:47 +0000] "GET /api/usuarios HTTP/1.1" 200 488 "http://localhost:5173/" "Mozilla/5.0 (Macintosh; Intel Mac OS X 10_15_7) AppleWebKit/605.1.15 (KHTML, like Gecko) Version/26.1 Safari/605.1.15"
::1 - - [06/Dec/2025:22:12:53 +0000] "DELETE /api/usuarios/1 HTTP/1.1" 200 43 "http://localhost:5173/" "Mozilla/5.0 (Macintosh; Intel Mac OS X 10_15_7) AppleWebKit/605.1.15 (KHTML, like Gecko) Version/26.1 Safari/605.1.15"
::1 - - [06/Dec/2025:22:12:53 +0000] "GET /api/usuarios HTTP/1.1" 200 489 "http://localhost:5173/" "Mozilla/5.0 (Macintosh; Intel Mac OS X 10_15_7) AppleWebKit/605.1.15 (KHTML, like Gecko) Version/26.1 Safari/605.1.15"
::1 - - [06/Dec/2025:22:12:57 +0000] "DELETE /api/usuarios/1 HTTP/1.1" 200 43 "http://localhost:5173/" "Mozilla/5.0 (Macintosh; Intel Mac OS X 10_15_7) AppleWebKit/605.1.15 (KHTML, like Gecko) Version/26.1 Safari/605.1.15"
::1 - - [06/Dec/2025:22:12:57 +0000] "GET /api/usuarios HTTP/1.1" 200 489 "http://localhost:5173/" "Mozilla/5.0 (Macintosh; Intel Mac OS X 10_15_7) AppleWebKit/605.1.15 (KHTML, like Gecko) Version/26.1 Safari/605.1.15"
::1 - - [06/Dec/2025:22:13:00 +0000] "DELETE /api/usuarios/1 HTTP/1.1" 200 43 "http://localhost:5173/" "Mozilla/5.0 (Macintosh; Intel Mac OS X 10_15_7) AppleWebKit/605.1.15 (KHTML, like Gecko) Version/26.1 Safari/605.1.15"
::1 - - [06/Dec/2025:22:13:00 +0000] "GET /api/usuarios HTTP/1.1" 304 - "http://localhost:5173/" "Mozilla/5.0 (Macintosh; Intel Mac OS X 10_15_7) AppleWebKit/605.1.15 (KHTML, like Gecko) Version/26.1 Safari/605.1.15"
::1 - - [06/Dec/2025:22:13:03 +0000] "DELETE /api/usuarios/2 HTTP/1.1" 200 43 "http://localhost:5173/" "Mozilla/5.0 (Macintosh; Intel Mac OS X 10_15_7) AppleWebKit/605.1.15 (KHTML, like Gecko) Version/26.1 Safari/605.1.15"
::1 - - [06/Dec/2025:22:13:03 +0000] "GET /api/usuarios HTTP/1.1" 200 490 "http://localhost:5173/" "Mozilla/5.0 (Macintosh; Intel Mac OS X 10_15_7) AppleWebKit/605.1.15 (KHTML, like Gecko) Version/26.1 Safari/605.1.15"
::1 - - [06/Dec/2025:22:13:05 +0000] "GET /api/usuarios HTTP/1.1" 200 490 "http://localhost:5173/" "Mozilla/5.0 (Macintosh; Intel Mac OS X 10_15_7) AppleWebKit/605.1.15 (KHTML, like Gecko) Version/26.1 Safari/605.1.15"
::1 - - [06/Dec/2025:22:13:08 +0000] "GET /api/usuarios HTTP/1.1" 304 - "http://localhost:5173/" "Mozilla/5.0 (Macintosh; Intel Mac OS X 10_15_7) AppleWebKit/605.1.15 (KHTML, like Gecko) Version/26.1 Safari/605.1.15"
::1 - - [06/Dec/2025:22:13:08 +0000] "GET /api/usuarios HTTP/1.1" 200 490 "http://localhost:5173/" "Mozilla/5.0 (Macintosh; Intel Mac OS X 10_15_7) AppleWebKit/605.1.15 (KHTML, like Gecko) Version/26.1 Safari/605.1.15"
::1 - - [06/Dec/2025:22:13:12 +0000] "GET /api/usuarios HTTP/1.1" 304 - "http://localhost:5173/" "Mozilla/5.0 (Macintosh; Intel Mac OS X 10_15_7) AppleWebKit/605.1.15 (KHTML, like Gecko) Version/26.1 Safari/605.1.15"
::1 - - [06/Dec/2025:22:13:12 +0000] "GET /api/usuarios HTTP/1.1" 200 490 "http://localhost:5173/" "Mozilla/5.0 (Macintosh; Intel Mac OS X 10_15_7) AppleWebKit/605.1.15 (KHTML, like Gecko) Version/26.1 Safari/605.1.15"
::1 - - [06/Dec/2025:22:14:25 +0000] "GET /api/usuarios HTTP/1.1" 200 322 "http://localhost:5173/" "Mozilla/5.0 (Macintosh; Intel Mac OS X 10_15_7) AppleWebKit/605.1.15 (KHTML, like Gecko) Version/26.1 Safari/605.1.15"
::1 - - [06/Dec/2025:22:14:35 +0000] "DELETE /api/usuarios/5 HTTP/1.1" 200 43 "http://localhost:5173/" "Mozilla/5.0 (Macintosh; Intel Mac OS X 10_15_7) AppleWebKit/605.1.15 (KHTML, like Gecko) Version/26.1 Safari/605.1.15"
::1 - - [06/Dec/2025:22:14:35 +0000] "GET /api/usuarios HTTP/1.1" 200 205 "http://localhost:5173/" "Mozilla/5.0 (Macintosh; Intel Mac OS X 10_15_7) AppleWebKit/605.1.15 (KHTML, like Gecko) Version/26.1 Safari/605.1.15"
::1 - - [06/Dec/2025:22:14:47 +0000] "DELETE /api/usuarios/4 HTTP/1.1" 200 43 "http://localhost:5173/" "Mozilla/5.0 (Macintosh; Intel Mac OS X 10_15_7) AppleWebKit/605.1.15 (KHTML, like Gecko) Version/26.1 Safari/605.1.15"
::1 - - [06/Dec/2025:22:14:47 +0000] "GET /api/usuarios HTTP/1.1" 200 101 "http://localhost:5173/" "Mozilla/5.0 (Macintosh; Intel Mac OS X 10_15_7) AppleWebKit/605.1.15 (KHTML, like Gecko) Version/26.1 Safari/605.1.15"
::1 - - [06/Dec/2025:22:18:02 +0000] "POST /api/usuarios HTTP/1.1" 201 76 "http://localhost:5173/" "Mozilla/5.0 (Macintosh; Intel Mac OS X 10_15_7) AppleWebKit/605.1.15 (KHTML, like Gecko) Version/26.1 Safari/605.1.15"
::1 - - [06/Dec/2025:22:18:02 +0000] "GET /api/usuarios HTTP/1.1" 200 195 "http://localhost:5173/" "Mozilla/5.0 (Macintosh; Intel Mac OS X 10_15_7) AppleWebKit/605.1.15 (KHTML, like Gecko) Version/26.1 Safari/605.1.15"
::1 - - [06/Dec/2025:22:24:12 +0000] "POST /api/auth/login HTTP/1.1" 200 281 "http://localhost:5173/" "Mozilla/5.0 (Macintosh; Intel Mac OS X 10_15_7) AppleWebKit/605.1.15 (KHTML, like Gecko) Version/26.1 Safari/605.1.15"
::1 - - [06/Dec/2025:22:24:12 +0000] "GET /api/usuarios HTTP/1.1" 200 195 "http://localhost:5173/" "Mozilla/5.0 (Macintosh; Intel Mac OS X 10_15_7) AppleWebKit/605.1.15 (KHTML, like Gecko) Version/26.1 Safari/605.1.15"
::1 - - [06/Dec/2025:22:28:56 +0000] "GET /api/usuarios?includeInactive=false HTTP/1.1" 200 195 "http://localhost:5173/" "Mozilla/5.0 (Macintosh; Intel Mac OS X 10_15_7) AppleWebKit/605.1.15 (KHTML, like Gecko) Version/26.1 Safari/605.1.15"
::1 - - [06/Dec/2025:22:33:25 +0000] "GET /api/usuarios?includeInactive=false HTTP/1.1" 200 195 "http://localhost:5173/" "Mozilla/5.0 (Macintosh; Intel Mac OS X 10_15_7) AppleWebKit/605.1.15 (KHTML, like Gecko) Version/26.1 Safari/605.1.15"
::1 - - [06/Dec/2025:22:33:37 +0000] "GET /api/usuarios?includeInactive=false HTTP/1.1" 304 - "http://localhost:5173/" "Mozilla/5.0 (Macintosh; Intel Mac OS X 10_15_7) AppleWebKit/605.1.15 (KHTML, like Gecko) Version/26.1 Safari/605.1.15"
::1 - - [06/Dec/2025:22:33:37 +0000] "GET /api/usuarios?includeInactive=false HTTP/1.1" 200 195 "http://localhost:5173/" "Mozilla/5.0 (Macintosh; Intel Mac OS X 10_15_7) AppleWebKit/605.1.15 (KHTML, like Gecko) Version/26.1 Safari/605.1.15"
::1 - - [06/Dec/2025:22:33:45 +0000] "GET /api/usuarios?includeInactive=true HTTP/1.1" 200 586 "http://localhost:5173/" "Mozilla/5.0 (Macintosh; Intel Mac OS X 10_15_7) AppleWebKit/605.1.15 (KHTML, like Gecko) Version/26.1 Safari/605.1.15"
::1 - - [06/Dec/2025:22:33:53 +0000] "DELETE /api/usuarios/1 HTTP/1.1" 200 43 "http://localhost:5173/" "Mozilla/5.0 (Macintosh; Intel Mac OS X 10_15_7) AppleWebKit/605.1.15 (KHTML, like Gecko) Version/26.1 Safari/605.1.15"
::1 - - [06/Dec/2025:22:33:53 +0000] "GET /api/usuarios?includeInactive=true HTTP/1.1" 304 - "http://localhost:5173/" "Mozilla/5.0 (Macintosh; Intel Mac OS X 10_15_7) AppleWebKit/605.1.15 (KHTML, like Gecko) Version/26.1 Safari/605.1.15"
::1 - - [06/Dec/2025:22:35:30 +0000] "PUT /api/usuarios/6 HTTP/1.1" 200 93 "http://localhost:5173/" "Mozilla/5.0 (Macintosh; Intel Mac OS X 10_15_7) AppleWebKit/605.1.15 (KHTML, like Gecko) Version/26.1 Safari/605.1.15"
::1 - - [06/Dec/2025:22:35:30 +0000] "GET /api/usuarios?includeInactive=true HTTP/1.1" 304 - "http://localhost:5173/" "Mozilla/5.0 (Macintosh; Intel Mac OS X 10_15_7) AppleWebKit/605.1.15 (KHTML, like Gecko) Version/26.1 Safari/605.1.15"
::1 - - [06/Dec/2025:22:35:52 +0000] "POST /api/auth/login HTTP/1.1" 200 276 "http://localhost:5173/" "Mozilla/5.0 (Macintosh; Intel Mac OS X 10_15_7) AppleWebKit/605.1.15 (KHTML, like Gecko) Version/26.1 Safari/605.1.15"
::1 - - [06/Dec/2025:22:35:52 +0000] "GET /api/usuarios?includeInactive=false HTTP/1.1" 200 195 "http://localhost:5173/" "Mozilla/5.0 (Macintosh; Intel Mac OS X 10_15_7) AppleWebKit/605.1.15 (KHTML, like Gecko) Version/26.1 Safari/605.1.15"
::1 - - [06/Dec/2025:22:35:54 +0000] "GET /api/usuarios?includeInactive=true HTTP/1.1" 200 586 "http://localhost:5173/" "Mozilla/5.0 (Macintosh; Intel Mac OS X 10_15_7) AppleWebKit/605.1.15 (KHTML, like Gecko) Version/26.1 Safari/605.1.15"
::1 - - [06/Dec/2025:22:35:55 +0000] "GET /api/usuarios?includeInactive=false HTTP/1.1" 304 - "http://localhost:5173/" "Mozilla/5.0 (Macintosh; Intel Mac OS X 10_15_7) AppleWebKit/605.1.15 (KHTML, like Gecko) Version/26.1 Safari/605.1.15"
::1 - - [06/Dec/2025:22:35:58 +0000] "DELETE /api/usuarios/3 HTTP/1.1" 200 43 "http://localhost:5173/" "Mozilla/5.0 (Macintosh; Intel Mac OS X 10_15_7) AppleWebKit/605.1.15 (KHTML, like Gecko) Version/26.1 Safari/605.1.15"
::1 - - [06/Dec/2025:22:35:58 +0000] "GET /api/usuarios?includeInactive=false HTTP/1.1" 200 95 "http://localhost:5173/" "Mozilla/5.0 (Macintosh; Intel Mac OS X 10_15_7) AppleWebKit/605.1.15 (KHTML, like Gecko) Version/26.1 Safari/605.1.15"
::1 - - [06/Dec/2025:22:36:07 +0000] "GET /api/usuarios?includeInactive=false HTTP/1.1" 200 95 "http://localhost:5173/" "Mozilla/5.0 (Macintosh; Intel Mac OS X 10_15_7) AppleWebKit/605.1.15 (KHTML, like Gecko) Version/26.1 Safari/605.1.15"
::1 - - [06/Dec/2025:22:39:17 +0000] "POST /api/usuarios HTTP/1.1" 201 93 "http://localhost:5173/" "Mozilla/5.0 (Macintosh; Intel Mac OS X 10_15_7) AppleWebKit/605.1.15 (KHTML, like Gecko) Version/26.1 Safari/605.1.15"
::1 - - [06/Dec/2025:22:39:17 +0000] "GET /api/usuarios?includeInactive=false HTTP/1.1" 200 206 "http://localhost:5173/" "Mozilla/5.0 (Macintosh; Intel Mac OS X 10_15_7) AppleWebKit/605.1.15 (KHTML, like Gecko) Version/26.1 Safari/605.1.15"
::1 - - [06/Dec/2025:22:39:22 +0000] "GET /api/usuarios?includeInactive=false HTTP/1.1" 304 - "http://localhost:5173/" "Mozilla/5.0 (Macintosh; Intel Mac OS X 10_15_7) AppleWebKit/605.1.15 (KHTML, like Gecko) Version/26.1 Safari/605.1.15"
::1 - - [06/Dec/2025:22:39:22 +0000] "GET /api/usuarios?includeInactive=false HTTP/1.1" 200 206 "http://localhost:5173/" "Mozilla/5.0 (Macintosh; Intel Mac OS X 10_15_7) AppleWebKit/605.1.15 (KHTML, like Gecko) Version/26.1 Safari/605.1.15"
::1 - - [06/Dec/2025:22:39:23 +0000] "GET /api/usuarios?includeInactive=true HTTP/1.1" 200 698 "http://localhost:5173/" "Mozilla/5.0 (Macintosh; Intel Mac OS X 10_15_7) AppleWebKit/605.1.15 (KHTML, like Gecko) Version/26.1 Safari/605.1.15"
::1 - - [06/Dec/2025:22:39:24 +0000] "GET /api/usuarios?includeInactive=false HTTP/1.1" 304 - "http://localhost:5173/" "Mozilla/5.0 (Macintosh; Intel Mac OS X 10_15_7) AppleWebKit/605.1.15 (KHTML, like Gecko) Version/26.1 Safari/605.1.15"
::1 - - [06/Dec/2025:22:39:25 +0000] "GET /api/usuarios?includeInactive=true HTTP/1.1" 304 - "http://localhost:5173/" "Mozilla/5.0 (Macintosh; Intel Mac OS X 10_15_7) AppleWebKit/605.1.15 (KHTML, like Gecko) Version/26.1 Safari/605.1.15"
::1 - - [06/Dec/2025:22:41:02 +0000] "POST /api/usuarios HTTP/1.1" 201 92 "http://localhost:5173/" "Mozilla/5.0 (Macintosh; Intel Mac OS X 10_15_7) AppleWebKit/605.1.15 (KHTML, like Gecko) Version/26.1 Safari/605.1.15"
::1 - - [06/Dec/2025:22:41:02 +0000] "GET /api/usuarios?includeInactive=true HTTP/1.1" 200 808 "http://localhost:5173/" "Mozilla/5.0 (Macintosh; Intel Mac OS X 10_15_7) AppleWebKit/605.1.15 (KHTML, like Gecko) Version/26.1 Safari/605.1.15"
